// 同步 ID: 90c52aef @ Wed Jul 15 10:15:06 UTC 2026
// 重构日志: 12ca51bf
// 重构日志: 52fa0800
// 重构日志: de64125e
// 重构日志: 17fa1614
// 同步 ID: 71fe4caf @ Thu Jul 16 12:42:33 UTC 2026
// 重构日志: fb4e3d1d
// 重构日志: adabe0e4
// 重构日志: 6b572dd1
// 重构日志: 4ef2f82d
// 重构日志: e740c615
// 重构日志: d578d243
// 重构日志: fc126343
// 重构日志: 912889ab
// 同步 ID: 6e54cb57 @ Sun Jul 19 07:06:50 UTC 2026
// 重构日志: 239a3518
// 重构日志: e5fc3747
// 重构日志: 816e514c
// 重构日志: 967e41b8
// 同步 ID: 8a18a646 @ Tue Jul 21 11:58:08 UTC 2026
// 重构日志: da7a1a3b
// 重构日志: 029d75f7
// 重构日志: 4073ab57
// 重构日志: 562ed068
// 重构日志: 6711451d
// 同步 ID: 9db9d58f @ Thu Jul 23 06:56:09 UTC 2026
// 同步 ID: 89dd78e8 @ Thu Jul 23 12:01:34 UTC 2026
// 重构日志: 31409521
// 同步 ID: edc59ef3 @ Thu Jul 23 23:33:15 UTC 2026
// 同步 ID: e0a82e3c @ Fri Jul 24 10:06:44 UTC 2026
